[ 2015-06-05T00:14:46+08:00 ] ::1 /imicrolearn/index.php/admin/admin/newoneadmin
INFO: [ app_init ] --START--
INFO: Run Behavior\BuildLiteBehavior [ RunTime:0.000060s ]
INFO: [ app_init ] --END-- [ RunTime:0.001484s ]
INFO: [ app_begin ] --START--
INFO: Run Behavior\ReadHtmlCacheBehavior [ RunTime:0.003726s ]
INFO: [ app_begin ] --END-- [ RunTime:0.004078s ]
INFO: [ view_parse ] --START--
INFO: [ template_filter ] --START--
INFO: Run Behavior\ContentReplaceBehavior [ RunTime:0.000364s ]
INFO: [ template_filter ] --END-- [ RunTime:0.001330s ]
INFO: Run Behavior\ParseTemplateBehavior [ RunTime:0.023396s ]
INFO: [ view_parse ] --END-- [ RunTime:0.023860s ]
INFO: [ view_filter ] --START--
INFO: Run Behavior\WriteHtmlCacheBehavior [ RunTime:0.002701s ]
INFO: [ view_filter ] --END-- [ RunTime:0.003090s ]
INFO: [ app_end ] --START--
INFO: Run Behavior\ShowPageTraceBehavior [ RunTime:0.002478s ]
INFO: [ app_end ] --END-- [ RunTime:0.002783s ]

[ 2015-06-05T00:14:57+08:00 ] ::1 /imicrolearn/index.php/admin/admin/isregister
INFO: [ app_init ] --START--
INFO: Run Behavior\BuildLiteBehavior [ RunTime:0.000059s ]
INFO: [ app_init ] --END-- [ RunTime:0.001247s ]
INFO: [ app_begin ] --START--
INFO: Run Behavior\ReadHtmlCacheBehavior [ RunTime:0.004262s ]
INFO: [ app_begin ] --END-- [ RunTime:0.004625s ]
ERR: 非法操作:isregister

[ 2015-06-05T00:15:33+08:00 ] ::1 /imicrolearn/index.php/admin/admin/isregister
INFO: [ app_init ] --START--
INFO: Run Behavior\BuildLiteBehavior [ RunTime:0.000068s ]
INFO: [ app_init ] --END-- [ RunTime:0.002832s ]
INFO: [ app_begin ] --START--
INFO: Run Behavior\ReadHtmlCacheBehavior [ RunTime:0.002887s ]
INFO: [ app_begin ] --END-- [ RunTime:0.003320s ]
ERR: 非法操作:isregister

[ 2015-06-05T00:15:40+08:00 ] ::1 /imicrolearn/index.php/admin/admin/newoneadmin
INFO: [ app_init ] --START--
INFO: Run Behavior\BuildLiteBehavior [ RunTime:0.000086s ]
INFO: [ app_init ] --END-- [ RunTime:0.002874s ]
INFO: [ app_begin ] --START--
INFO: Run Behavior\ReadHtmlCacheBehavior [ RunTime:0.001958s ]
INFO: [ app_begin ] --END-- [ RunTime:0.002253s ]
INFO: [ view_parse ] --START--
INFO: [ template_filter ] --START--
INFO: Run Behavior\ContentReplaceBehavior [ RunTime:0.000164s ]
INFO: [ template_filter ] --END-- [ RunTime:0.000481s ]
INFO: Run Behavior\ParseTemplateBehavior [ RunTime:0.025345s ]
INFO: [ view_parse ] --END-- [ RunTime:0.025643s ]
INFO: [ view_filter ] --START--
INFO: Run Behavior\WriteHtmlCacheBehavior [ RunTime:0.002465s ]
INFO: [ view_filter ] --END-- [ RunTime:0.002811s ]
INFO: [ app_end ] --START--
INFO: Run Behavior\ShowPageTraceBehavior [ RunTime:0.002029s ]
INFO: [ app_end ] --END-- [ RunTime:0.002337s ]

[ 2015-06-05T00:15:47+08:00 ] ::1 /imicrolearn/index.php/admin/newadmin
INFO: [ app_init ] --START--
INFO: Run Behavior\BuildLiteBehavior [ RunTime:0.000058s ]
INFO: [ app_init ] --END-- [ RunTime:0.001236s ]
INFO: [ app_begin ] --START--
INFO: Run Behavior\ReadHtmlCacheBehavior [ RunTime:0.002650s ]
INFO: [ app_begin ] --END-- [ RunTime:0.003083s ]
ERR: 无法加载控制器:Newadmin

[ 2015-06-05T00:16:07+08:00 ] ::1 /imicrolearn/index.php/admin/newadmin
INFO: [ app_init ] --START--
INFO: Run Behavior\BuildLiteBehavior [ RunTime:0.000059s ]
INFO: [ app_init ] --END-- [ RunTime:0.001266s ]
INFO: [ app_begin ] --START--
INFO: Run Behavior\ReadHtmlCacheBehavior [ RunTime:0.004953s ]
INFO: [ app_begin ] --END-- [ RunTime:0.005590s ]
ERR: 无法加载控制器:Newadmin

[ 2015-06-05T00:16:12+08:00 ] ::1 /imicrolearn/index.php/admin/admin/newoneadmin
INFO: [ app_init ] --START--
INFO: Run Behavior\BuildLiteBehavior [ RunTime:0.000058s ]
INFO: [ app_init ] --END-- [ RunTime:0.001404s ]
INFO: [ app_begin ] --START--
INFO: Run Behavior\ReadHtmlCacheBehavior [ RunTime:0.002301s ]
INFO: [ app_begin ] --END-- [ RunTime:0.002736s ]
INFO: [ view_parse ] --START--
INFO: [ template_filter ] --START--
INFO: Run Behavior\ContentReplaceBehavior [ RunTime:0.000133s ]
INFO: [ template_filter ] --END-- [ RunTime:0.000447s ]
INFO: Run Behavior\ParseTemplateBehavior [ RunTime:0.022377s ]
INFO: [ view_parse ] --END-- [ RunTime:0.022793s ]
INFO: [ view_filter ] --START--
INFO: Run Behavior\WriteHtmlCacheBehavior [ RunTime:0.001990s ]
INFO: [ view_filter ] --END-- [ RunTime:0.002313s ]
INFO: [ app_end ] --START--
INFO: Run Behavior\ShowPageTraceBehavior [ RunTime:0.002402s ]
INFO: [ app_end ] --END-- [ RunTime:0.002822s ]

[ 2015-06-05T00:16:18+08:00 ] ::1 /imicrolearn/index.php/admin/admin/newadmin
INFO: [ app_init ] --START--
INFO: Run Behavior\BuildLiteBehavior [ RunTime:0.000087s ]
INFO: [ app_init ] --END-- [ RunTime:0.001484s ]
INFO: [ app_begin ] --START--
INFO: Run Behavior\ReadHtmlCacheBehavior [ RunTime:0.002573s ]
INFO: [ app_begin ] --END-- [ RunTime:0.003007s ]
SQL: SHOW COLUMNS FROM `iml_admin` [ RunTime:0.0091s ]
SQL: SHOW COLUMNS FROM `iml_admin` [ RunTime:0.0054s ]
SQL: SELECT * FROM `iml_admin` WHERE ( aname = '111' ) LIMIT 1   [ RunTime:0.0006s ]
SQL: INSERT INTO `iml_admin` (`aname`,`apwd`) VALUES ('111','1') [ RunTime:0.0138s ]
INFO: [ view_parse ] --START--
INFO: [ template_filter ] --START--
INFO: Run Behavior\ContentReplaceBehavior [ RunTime:0.000132s ]
INFO: [ template_filter ] --END-- [ RunTime:0.000415s ]
INFO: Run Behavior\ParseTemplateBehavior [ RunTime:0.020181s ]
INFO: [ view_parse ] --END-- [ RunTime:0.020672s ]
INFO: [ view_filter ] --START--
INFO: Run Behavior\WriteHtmlCacheBehavior [ RunTime:0.002506s ]
INFO: [ view_filter ] --END-- [ RunTime:0.003021s ]
INFO: [ app_end ] --START--
INFO: Run Behavior\ShowPageTraceBehavior [ RunTime:0.002929s ]
INFO: [ app_end ] --END-- [ RunTime:0.003293s ]

[ 2015-06-05T00:16:19+08:00 ] ::1 /imicrolearn/index.php/admin/admin/alladmin
INFO: [ app_init ] --START--
INFO: Run Behavior\BuildLiteBehavior [ RunTime:0.000121s ]
INFO: [ app_init ] --END-- [ RunTime:0.004598s ]
INFO: [ app_begin ] --START--
INFO: Run Behavior\ReadHtmlCacheBehavior [ RunTime:0.002176s ]
INFO: [ app_begin ] --END-- [ RunTime:0.002482s ]
SQL: SHOW COLUMNS FROM `iml_admin` [ RunTime:0.0065s ]
SQL: SHOW COLUMNS FROM `iml_admin` [ RunTime:0.0071s ]
SQL: SELECT * FROM `iml_admin`  [ RunTime:0.0008s ]
INFO: [ view_parse ] --START--
INFO: [ template_filter ] --START--
INFO: Run Behavior\ContentReplaceBehavior [ RunTime:0.000210s ]
INFO: [ template_filter ] --END-- [ RunTime:0.000634s ]
INFO: Run Behavior\ParseTemplateBehavior [ RunTime:0.037052s ]
INFO: [ view_parse ] --END-- [ RunTime:0.037709s ]
INFO: [ view_filter ] --START--
INFO: Run Behavior\WriteHtmlCacheBehavior [ RunTime:0.002920s ]
INFO: [ view_filter ] --END-- [ RunTime:0.003458s ]
INFO: [ app_end ] --START--
INFO: Run Behavior\ShowPageTraceBehavior [ RunTime:0.002408s ]
INFO: [ app_end ] --END-- [ RunTime:0.002830s ]

[ 2015-06-05T00:16:39+08:00 ] ::1 /imicrolearn/index.php/admin/admin/alladmin
INFO: [ app_init ] --START--
INFO: Run Behavior\BuildLiteBehavior [ RunTime:0.000065s ]
INFO: [ app_init ] --END-- [ RunTime:0.001628s ]
INFO: [ app_begin ] --START--
INFO: Run Behavior\ReadHtmlCacheBehavior [ RunTime:0.002278s ]
INFO: [ app_begin ] --END-- [ RunTime:0.002647s ]
SQL: SHOW COLUMNS FROM `iml_admin` [ RunTime:0.0067s ]
SQL: SHOW COLUMNS FROM `iml_admin` [ RunTime:0.0066s ]
SQL: SELECT * FROM `iml_admin`  [ RunTime:0.0006s ]
INFO: [ view_parse ] --START--
INFO: [ template_filter ] --START--
INFO: Run Behavior\ContentReplaceBehavior [ RunTime:0.000143s ]
INFO: [ template_filter ] --END-- [ RunTime:0.000494s ]
INFO: Run Behavior\ParseTemplateBehavior [ RunTime:0.027247s ]
INFO: [ view_parse ] --END-- [ RunTime:0.027742s ]
INFO: [ view_filter ] --START--
INFO: Run Behavior\WriteHtmlCacheBehavior [ RunTime:0.001696s ]
INFO: [ view_filter ] --END-- [ RunTime:0.001978s ]
INFO: [ app_end ] --START--
INFO: Run Behavior\ShowPageTraceBehavior [ RunTime:0.002077s ]
INFO: [ app_end ] --END-- [ RunTime:0.002368s ]

[ 2015-06-05T00:16:41+08:00 ] ::1 /imicrolearn/index.php/admin/admin/alladmin
INFO: [ app_init ] --START--
INFO: Run Behavior\BuildLiteBehavior [ RunTime:0.000108s ]
INFO: [ app_init ] --END-- [ RunTime:0.004431s ]
INFO: [ app_begin ] --START--
INFO: Run Behavior\ReadHtmlCacheBehavior [ RunTime:0.004593s ]
INFO: [ app_begin ] --END-- [ RunTime:0.005460s ]
SQL: SHOW COLUMNS FROM `iml_admin` [ RunTime:0.0076s ]
SQL: SHOW COLUMNS FROM `iml_admin` [ RunTime:0.0078s ]
SQL: SELECT * FROM `iml_admin`  [ RunTime:0.0006s ]
INFO: [ view_parse ] --START--
INFO: [ template_filter ] --START--
INFO: Run Behavior\ContentReplaceBehavior [ RunTime:0.000235s ]
INFO: [ template_filter ] --END-- [ RunTime:0.000798s ]
INFO: Run Behavior\ParseTemplateBehavior [ RunTime:0.037316s ]
INFO: [ view_parse ] --END-- [ RunTime:0.037882s ]
INFO: [ view_filter ] --START--
INFO: Run Behavior\WriteHtmlCacheBehavior [ RunTime:0.002459s ]
INFO: [ view_filter ] --END-- [ RunTime:0.003054s ]
INFO: [ app_end ] --START--
INFO: Run Behavior\ShowPageTraceBehavior [ RunTime:0.002660s ]
INFO: [ app_end ] --END-- [ RunTime:0.003211s ]

[ 2015-06-05T00:16:42+08:00 ] ::1 /imicrolearn/index.php/admin/admin/alladmin
INFO: [ app_init ] --START--
INFO: Run Behavior\BuildLiteBehavior [ RunTime:0.000063s ]
INFO: [ app_init ] --END-- [ RunTime:0.001816s ]
INFO: [ app_begin ] --START--
INFO: Run Behavior\ReadHtmlCacheBehavior [ RunTime:0.001969s ]
INFO: [ app_begin ] --END-- [ RunTime:0.002248s ]
SQL: SHOW COLUMNS FROM `iml_admin` [ RunTime:0.0070s ]
SQL: SHOW COLUMNS FROM `iml_admin` [ RunTime:0.0056s ]
SQL: SELECT * FROM `iml_admin`  [ RunTime:0.0016s ]
INFO: [ view_parse ] --START--
INFO: [ template_filter ] --START--
INFO: Run Behavior\ContentReplaceBehavior [ RunTime:0.000258s ]
INFO: [ template_filter ] --END-- [ RunTime:0.000822s ]
INFO: Run Behavior\ParseTemplateBehavior [ RunTime:0.027775s ]
INFO: [ view_parse ] --END-- [ RunTime:0.028090s ]
INFO: [ view_filter ] --START--
INFO: Run Behavior\WriteHtmlCacheBehavior [ RunTime:0.002639s ]
INFO: [ view_filter ] --END-- [ RunTime:0.003031s ]
INFO: [ app_end ] --START--
INFO: Run Behavior\ShowPageTraceBehavior [ RunTime:0.001824s ]
INFO: [ app_end ] --END-- [ RunTime:0.002102s ]

[ 2015-06-05T00:16:47+08:00 ] ::1 /imicrolearn/index.php/admin/admin/newadmin
INFO: [ app_init ] --START--
INFO: Run Behavior\BuildLiteBehavior [ RunTime:0.000060s ]
INFO: [ app_init ] --END-- [ RunTime:0.001513s ]
INFO: [ app_begin ] --START--
INFO: Run Behavior\ReadHtmlCacheBehavior [ RunTime:0.002416s ]
INFO: [ app_begin ] --END-- [ RunTime:0.002745s ]
SQL: SHOW COLUMNS FROM `iml_admin` [ RunTime:0.0058s ]
NOTIC: [8] Undefined variable: rs C:\M\ime\wamp\www\imicrolearn\imlapp\Admin\Controller\AdminController.class.php 第 63 行.
INFO: [ view_parse ] --START--
INFO: [ template_filter ] --START--
INFO: Run Behavior\ContentReplaceBehavior [ RunTime:0.000178s ]
INFO: [ template_filter ] --END-- [ RunTime:0.000520s ]
INFO: Run Behavior\ParseTemplateBehavior [ RunTime:0.025391s ]
INFO: [ view_parse ] --END-- [ RunTime:0.025798s ]
INFO: [ view_filter ] --START--
INFO: Run Behavior\WriteHtmlCacheBehavior [ RunTime:0.001947s ]
INFO: [ view_filter ] --END-- [ RunTime:0.002213s ]

[ 2015-06-05T00:16:56+08:00 ] ::1 /imicrolearn/index.php/admin/admin/newadmin
INFO: [ app_init ] --START--
INFO: Run Behavior\BuildLiteBehavior [ RunTime:0.000060s ]
INFO: [ app_init ] --END-- [ RunTime:0.001300s ]
INFO: [ app_begin ] --START--
INFO: Run Behavior\ReadHtmlCacheBehavior [ RunTime:0.003125s ]
INFO: [ app_begin ] --END-- [ RunTime:0.003446s ]
SQL: SHOW COLUMNS FROM `iml_admin` [ RunTime:0.0072s ]
SQL: SHOW COLUMNS FROM `iml_admin` [ RunTime:0.0059s ]
SQL: SELECT * FROM `iml_admin` WHERE ( aname = '222' ) LIMIT 1   [ RunTime:0.0009s ]
SQL: INSERT INTO `iml_admin` (`aname`,`apwd`) VALUES ('222','1') [ RunTime:0.0236s ]
INFO: [ view_parse ] --START--
INFO: [ template_filter ] --START--
INFO: Run Behavior\ContentReplaceBehavior [ RunTime:0.000217s ]
INFO: [ template_filter ] --END-- [ RunTime:0.000611s ]
INFO: Run Behavior\ParseTemplateBehavior [ RunTime:0.023810s ]
INFO: [ view_parse ] --END-- [ RunTime:0.024170s ]
INFO: [ view_filter ] --START--
INFO: Run Behavior\WriteHtmlCacheBehavior [ RunTime:0.001929s ]
INFO: [ view_filter ] --END-- [ RunTime:0.002216s ]
INFO: [ app_end ] --START--
INFO: Run Behavior\ShowPageTraceBehavior [ RunTime:0.001967s ]
INFO: [ app_end ] --END-- [ RunTime:0.002228s ]

[ 2015-06-05T00:16:57+08:00 ] ::1 /imicrolearn/index.php/admin/admin/alladmin
INFO: [ app_init ] --START--
INFO: Run Behavior\BuildLiteBehavior [ RunTime:0.000149s ]
INFO: [ app_init ] --END-- [ RunTime:0.002509s ]
INFO: [ app_begin ] --START--
INFO: Run Behavior\ReadHtmlCacheBehavior [ RunTime:0.004149s ]
INFO: [ app_begin ] --END-- [ RunTime:0.004687s ]
SQL: SHOW COLUMNS FROM `iml_admin` [ RunTime:0.0063s ]
SQL: SHOW COLUMNS FROM `iml_admin` [ RunTime:0.0068s ]
SQL: SELECT * FROM `iml_admin`  [ RunTime:0.0011s ]
INFO: [ view_parse ] --START--
INFO: [ template_filter ] --START--
INFO: Run Behavior\ContentReplaceBehavior [ RunTime:0.000257s ]
INFO: [ template_filter ] --END-- [ RunTime:0.000968s ]
INFO: Run Behavior\ParseTemplateBehavior [ RunTime:0.034083s ]
INFO: [ view_parse ] --END-- [ RunTime:0.034648s ]
INFO: [ view_filter ] --START--
INFO: Run Behavior\WriteHtmlCacheBehavior [ RunTime:0.003452s ]
INFO: [ view_filter ] --END-- [ RunTime:0.004085s ]
INFO: [ app_end ] --START--
INFO: Run Behavior\ShowPageTraceBehavior [ RunTime:0.003516s ]
INFO: [ app_end ] --END-- [ RunTime:0.004145s ]

[ 2015-06-05T00:17:01+08:00 ] ::1 /imicrolearn/index.php/admin/admin/alladmin
INFO: [ app_init ] --START--
INFO: Run Behavior\BuildLiteBehavior [ RunTime:0.000172s ]
INFO: [ app_init ] --END-- [ RunTime:0.005481s ]
INFO: [ app_begin ] --START--
INFO: Run Behavior\ReadHtmlCacheBehavior [ RunTime:0.004503s ]
INFO: [ app_begin ] --END-- [ RunTime:0.005037s ]
SQL: SHOW COLUMNS FROM `iml_admin` [ RunTime:0.0082s ]
SQL: SHOW COLUMNS FROM `iml_admin` [ RunTime:0.0083s ]
SQL: SELECT * FROM `iml_admin`  [ RunTime:0.0006s ]
INFO: [ view_parse ] --START--
INFO: [ template_filter ] --START--
INFO: Run Behavior\ContentReplaceBehavior [ RunTime:0.000228s ]
INFO: [ template_filter ] --END-- [ RunTime:0.000731s ]
INFO: Run Behavior\ParseTemplateBehavior [ RunTime:0.034373s ]
INFO: [ view_parse ] --END-- [ RunTime:0.034880s ]
INFO: [ view_filter ] --START--
INFO: Run Behavior\WriteHtmlCacheBehavior [ RunTime:0.002272s ]
INFO: [ view_filter ] --END-- [ RunTime:0.002754s ]
INFO: [ app_end ] --START--
INFO: Run Behavior\ShowPageTraceBehavior [ RunTime:0.002605s ]
INFO: [ app_end ] --END-- [ RunTime:0.003109s ]

[ 2015-06-05T00:17:06+08:00 ] ::1 /imicrolearn/index.php/admin/admin/newadmin
INFO: [ app_init ] --START--
INFO: Run Behavior\BuildLiteBehavior [ RunTime:0.000059s ]
INFO: [ app_init ] --END-- [ RunTime:0.001235s ]
INFO: [ app_begin ] --START--
INFO: Run Behavior\ReadHtmlCacheBehavior [ RunTime:0.002736s ]
INFO: [ app_begin ] --END-- [ RunTime:0.003075s ]
SQL: SHOW COLUMNS FROM `iml_admin` [ RunTime:0.0059s ]
SQL: SHOW COLUMNS FROM `iml_admin` [ RunTime:0.0066s ]
SQL: SELECT * FROM `iml_admin` WHERE ( aname = '222' ) LIMIT 1   [ RunTime:0.0005s ]
NOTIC: [8] Undefined variable: rs C:\M\ime\wamp\www\imicrolearn\imlapp\Admin\Controller\AdminController.class.php 第 63 行.
INFO: [ view_parse ] --START--
INFO: [ template_filter ] --START--
INFO: Run Behavior\ContentReplaceBehavior [ RunTime:0.000163s ]
INFO: [ template_filter ] --END-- [ RunTime:0.000527s ]
INFO: Run Behavior\ParseTemplateBehavior [ RunTime:0.023816s ]
INFO: [ view_parse ] --END-- [ RunTime:0.024127s ]
INFO: [ view_filter ] --START--
INFO: Run Behavior\WriteHtmlCacheBehavior [ RunTime:0.001598s ]
INFO: [ view_filter ] --END-- [ RunTime:0.001886s ]

[ 2015-06-05T00:17:13+08:00 ] ::1 /imicrolearn/index.php/admin/admin/newadmin
INFO: [ app_init ] --START--
INFO: Run Behavior\BuildLiteBehavior [ RunTime:0.000057s ]
INFO: [ app_init ] --END-- [ RunTime:0.001299s ]
INFO: [ app_begin ] --START--
INFO: Run Behavior\ReadHtmlCacheBehavior [ RunTime:0.003290s ]
INFO: [ app_begin ] --END-- [ RunTime:0.003674s ]
SQL: SHOW COLUMNS FROM `iml_admin` [ RunTime:0.0069s ]
NOTIC: [8] Undefined variable: rs C:\M\ime\wamp\www\imicrolearn\imlapp\Admin\Controller\AdminController.class.php 第 63 行.
INFO: [ view_parse ] --START--
INFO: [ template_filter ] --START--
INFO: Run Behavior\ContentReplaceBehavior [ RunTime:0.000181s ]
INFO: [ template_filter ] --END-- [ RunTime:0.000534s ]
INFO: Run Behavior\ParseTemplateBehavior [ RunTime:0.022306s ]
INFO: [ view_parse ] --END-- [ RunTime:0.022722s ]
INFO: [ view_filter ] --START--
INFO: Run Behavior\WriteHtmlCacheBehavior [ RunTime:0.001719s ]
INFO: [ view_filter ] --END-- [ RunTime:0.001997s ]

[ 2015-06-05T00:23:14+08:00 ] ::1 /imicrolearn/index.php/admin/admin/alladmin
INFO: [ app_init ] --START--
INFO: Run Behavior\BuildLiteBehavior [ RunTime:0.000059s ]
INFO: [ app_init ] --END-- [ RunTime:0.001708s ]
INFO: [ app_begin ] --START--
INFO: Run Behavior\ReadHtmlCacheBehavior [ RunTime:0.002987s ]
INFO: [ app_begin ] --END-- [ RunTime:0.003413s ]
SQL: SHOW COLUMNS FROM `iml_admin` [ RunTime:0.0063s ]
SQL: SHOW COLUMNS FROM `iml_admin` [ RunTime:0.0074s ]
SQL: SELECT * FROM `iml_admin`  [ RunTime:0.0007s ]
INFO: [ view_parse ] --START--
INFO: [ template_filter ] --START--
INFO: Run Behavior\ContentReplaceBehavior [ RunTime:0.000134s ]
INFO: [ template_filter ] --END-- [ RunTime:0.000435s ]
INFO: Run Behavior\ParseTemplateBehavior [ RunTime:0.028771s ]
INFO: [ view_parse ] --END-- [ RunTime:0.029240s ]
INFO: [ view_filter ] --START--
INFO: Run Behavior\WriteHtmlCacheBehavior [ RunTime:0.003710s ]
INFO: [ view_filter ] --END-- [ RunTime:0.004411s ]
INFO: [ app_end ] --START--
INFO: Run Behavior\ShowPageTraceBehavior [ RunTime:0.002304s ]
INFO: [ app_end ] --END-- [ RunTime:0.002634s ]

[ 2015-06-05T00:23:17+08:00 ] ::1 /imicrolearn/index.php/admin/admin/deloneadmin?id=3
INFO: [ app_init ] --START--
INFO: Run Behavior\BuildLiteBehavior [ RunTime:0.000059s ]
INFO: [ app_init ] --END-- [ RunTime:0.001263s ]
INFO: [ app_begin ] --START--
INFO: Run Behavior\ReadHtmlCacheBehavior [ RunTime:0.003097s ]
INFO: [ app_begin ] --END-- [ RunTime:0.003397s ]
SQL: SHOW COLUMNS FROM `iml_admin` [ RunTime:0.0075s ]
SQL: SHOW COLUMNS FROM `iml_admin` [ RunTime:0.0056s ]
SQL: DELETE FROM `iml_admin` WHERE ( id = '3' ) [ RunTime:0.0101s ]
INFO: [ view_parse ] --START--
INFO: [ template_filter ] --START--
INFO: Run Behavior\ContentReplaceBehavior [ RunTime:0.000290s ]
INFO: [ template_filter ] --END-- [ RunTime:0.000631s ]
INFO: Run Behavior\ParseTemplateBehavior [ RunTime:0.021535s ]
INFO: [ view_parse ] --END-- [ RunTime:0.021857s ]
INFO: [ view_filter ] --START--
INFO: Run Behavior\WriteHtmlCacheBehavior [ RunTime:0.001619s ]
INFO: [ view_filter ] --END-- [ RunTime:0.001911s ]
INFO: [ app_end ] --START--
INFO: Run Behavior\ShowPageTraceBehavior [ RunTime:0.002631s ]
INFO: [ app_end ] --END-- [ RunTime:0.003112s ]

[ 2015-06-05T00:23:18+08:00 ] ::1 /imicrolearn/index.php/admin/admin/alladmin
INFO: [ app_init ] --START--
INFO: Run Behavior\BuildLiteBehavior [ RunTime:0.000068s ]
INFO: [ app_init ] --END-- [ RunTime:0.001486s ]
INFO: [ app_begin ] --START--
INFO: Run Behavior\ReadHtmlCacheBehavior [ RunTime:0.002208s ]
INFO: [ app_begin ] --END-- [ RunTime:0.002633s ]
SQL: SHOW COLUMNS FROM `iml_admin` [ RunTime:0.0065s ]
SQL: SHOW COLUMNS FROM `iml_admin` [ RunTime:0.0080s ]
SQL: SELECT * FROM `iml_admin`  [ RunTime:0.0005s ]
INFO: [ view_parse ] --START--
INFO: [ template_filter ] --START--
INFO: Run Behavior\ContentReplaceBehavior [ RunTime:0.000230s ]
INFO: [ template_filter ] --END-- [ RunTime:0.000756s ]
INFO: Run Behavior\ParseTemplateBehavior [ RunTime:0.029856s ]
INFO: [ view_parse ] --END-- [ RunTime:0.030281s ]
INFO: [ view_filter ] --START--
INFO: Run Behavior\WriteHtmlCacheBehavior [ RunTime:0.002236s ]
INFO: [ view_filter ] --END-- [ RunTime:0.002686s ]
INFO: [ app_end ] --START--
INFO: Run Behavior\ShowPageTraceBehavior [ RunTime:0.002569s ]
INFO: [ app_end ] --END-- [ RunTime:0.002901s ]

